<?xml version="1.0" encoding="UTF-8"?>
<testsuite xmlns:xsi="http://www.w3.org/2001/XMLSchema-instance" xsi:noNamespaceSchemaLocation="https://maven.apache.org/surefire/maven-surefire-plugin/xsd/surefire-test-report-3.0.xsd" version="3.0" name="TestSuite" time="0.685" tests="4" errors="0" skipped="0" failures="0">
  <properties>
[...]
</properties>
  <testcase name="runScenario[&quot;Attempt login with valid credentials&quot;, &quot;Optional[Web Login]&quot;](1)" classname="Runners.Run" time="0.097">
    <system-out><![CDATA[===========================================================
Scenario name::Attempt login with valid credentials
Scenario tags::[@critical, @regression, @smoke, @functional]
:::::::::::::::::::::::::::::::::::::::::::::::::::::::::::
The user is on login page
Entered valid credentials
Clicked on submit
Yeah I am logged in
===========================================================
]]></system-out>
  </testcase>
  <testcase name="runScenario[&quot;Attempt Login with invalid credentials&quot;, &quot;Optional[Web Login]&quot;](2)" classname="Runners.Run" time="0.003">
    <system-out><![CDATA[===========================================================
Scenario name::Attempt Login with invalid credentials
Scenario tags::[@critical, @functional, @regression]
:::::::::::::::::::::::::::::::::::::::::::::::::::::::::::
The user is on login page
Entered invalid credentials
Clicked on submit
error displayed::: Username or password invalid
User was not logged in
===========================================================
]]></system-out>
  </testcase>
  <testcase name="runScenario[&quot;Check for company logo on login form&quot;, &quot;Optional[Web Login]&quot;](3)" classname="Runners.Run" time="0.004">
    <system-out><![CDATA[===========================================================
Scenario name::Check for company logo on login form
Scenario tags::[@critical, @ui, @regression]
:::::::::::::::::::::::::::::::::::::::::::::::::::::::::::
The user is on login page
The company logo is present in the login form
===========================================================
]]></system-out>
  </testcase>
  <testcase name="runScenario[&quot;Initiate Forgot password flow&quot;, &quot;Optional[Web Login]&quot;](4)" classname="Runners.Run" time="0.004">
    <system-out><![CDATA[===========================================================
Scenario name::Initiate Forgot password flow
Scenario tags::[@critical, @functional, @regression, @smoke]
:::::::::::::::::::::::::::::::::::::::::::::::::::::::::::
The user is on login page
The user clicked on forgot username link::::::::::::::::
The user is on verify email address page of Recover/reset password flow
===========================================================
]]></system-out>
  </testcase>
</testsuite>