<?xml version="1.0" encoding="UTF-8"?>
<testng-results ignored="0" total="4" passed="4" failed="0" skipped="0">
  <reporter-output>
  </reporter-output>
  <suite started-at="2023-07-26T11:56:23 IST" name="All Test Suite" finished-at="2023-07-26T11:56:23 IST" duration-ms="338">
    <groups>
      <group name="cucumber">
        <method signature="AbstractTestNGCucumberTests.runScenario(io.cucumber.testng.PickleWrapper,io.cucumber.testng.FeatureWrapper)[pri:0, instance:Runners.Run@7a4ccb53]" name="runScenario" class="io.cucumber.testng.AbstractTestNGCucumberTests"/>
      </group> <!-- cucumber -->
    </groups>
    <test started-at="2023-07-26T11:56:23 IST" name="C:/Projects/CucumberTestNG" finished-at="2023-07-26T11:56:23 IST" duration-ms="338">
      <class name="Runners.Run">
        <test-method is-config="true" signature="setUpClass()[pri:0, instance:Runners.Run@7a4ccb53]" started-at="2023-07-26T11:56:23 IST" name="setUpClass" finished-at="2023-07-26T11:56:23 IST" duration-ms="204" status="PASS">
          <reporter-output>
          </reporter-output>
        </test-method> <!-- setUpClass -->
        <test-method signature="runScenario(io.cucumber.testng.PickleWrapper,io.cucumber.testng.FeatureWrapper)[pri:0, instance:Runners.Run@7a4ccb53]" started-at="2023-07-26T11:56:23 IST" name="runScenario" description="Runs Cucumber Scenarios" data-provider="scenarios" finished-at="2023-07-26T11:56:23 IST" duration-ms="95" status="PASS">
          <params>
            <param index="0">
              <value>
                <![CDATA["Attempt login with valid credentials"]]>
              </value>
            </param>
            <param index="1">
              <value>
                <![CDATA["Optional[Web Login]"]]>
              </value>
            </param>
          </params>
          <reporter-output>
          </reporter-output>
        </test-method> <!-- runScenario -->
        <test-method signature="runScenario(io.cucumber.testng.PickleWrapper,io.cucumber.testng.FeatureWrapper)[pri:0, instance:Runners.Run@7a4ccb53]" started-at="2023-07-26T11:56:23 IST" name="runScenario" description="Runs Cucumber Scenarios" data-provider="scenarios" finished-at="2023-07-26T11:56:23 IST" duration-ms="4" status="PASS">
          <params>
            <param index="0">
              <value>
                <![CDATA["Attempt Login with invalid credentials"]]>
              </value>
            </param>
            <param index="1">
              <value>
                <![CDATA["Optional[Web Login]"]]>
              </value>
            </param>
          </params>
          <reporter-output>
          </reporter-output>
        </test-method> <!-- runScenario -->
        <test-method signature="runScenario(io.cucumber.testng.PickleWrapper,io.cucumber.testng.FeatureWrapper)[pri:0, instance:Runners.Run@7a4ccb53]" started-at="2023-07-26T11:56:23 IST" name="runScenario" description="Runs Cucumber Scenarios" data-provider="scenarios" finished-at="2023-07-26T11:56:23 IST" duration-ms="4" status="PASS">
          <params>
            <param index="0">
              <value>
                <![CDATA["Check for company logo on login form"]]>
              </value>
            </param>
            <param index="1">
              <value>
                <![CDATA["Optional[Web Login]"]]>
              </value>
            </param>
          </params>
          <reporter-output>
          </reporter-output>
        </test-method> <!-- runScenario -->
        <test-method signature="runScenario(io.cucumber.testng.PickleWrapper,io.cucumber.testng.FeatureWrapper)[pri:0, instance:Runners.Run@7a4ccb53]" started-at="2023-07-26T11:56:23 IST" name="runScenario" description="Runs Cucumber Scenarios" data-provider="scenarios" finished-at="2023-07-26T11:56:23 IST" duration-ms="4" status="PASS">
          <params>
            <param index="0">
              <value>
                <![CDATA["Initiate Forgot password flow"]]>
              </value>
            </param>
            <param index="1">
              <value>
                <![CDATA["Optional[Web Login]"]]>
              </value>
            </param>
          </params>
          <reporter-output>
          </reporter-output>
        </test-method> <!-- runScenario -->
        <test-method is-config="true" signature="tearDownClass()[pri:0, instance:Runners.Run@7a4ccb53]" started-at="2023-07-26T11:56:23 IST" name="tearDownClass" finished-at="2023-07-26T11:56:23 IST" duration-ms="2" status="PASS">
          <reporter-output>
          </reporter-output>
        </test-method> <!-- tearDownClass -->
      </class> <!-- Runners.Run -->
    </test> <!-- C:/Projects/CucumberTestNG -->
  </suite> <!-- All Test Suite -->
</testng-results>
